<?xml version="1.0" encoding="UTF-8"?>
<testng-results ignored="0" total="1" passed="1" failed="0" skipped="0">
  <reporter-output>
  </reporter-output>
  <suite started-at="2025-04-16T12:49:09 IST" name="Default suite" finished-at="2025-04-16T12:49:22 IST" duration-ms="13119">
    <groups>
      <group name="cucumber">
        <method signature="AbstractTestNGCucumberTests.runScenario(io.cucumber.testng.PickleWrapper,io.cucumber.testng.FeatureWrapper)[pri:0, instance:runners.ArticleRunner@c86b9e3]" name="runScenario" class="io.cucumber.testng.AbstractTestNGCucumberTests"/>
      </group> <!-- cucumber -->
    </groups>
    <test started-at="2025-04-16T12:49:09 IST" name="Default test" finished-at="2025-04-16T12:49:22 IST" duration-ms="13119">
      <class name="runners.ArticleRunner">
        <test-method is-config="true" signature="setUpClass(org.testng.ITestContext)[pri:0, instance:runners.ArticleRunner@c86b9e3]" started-at="2025-04-16T12:49:09 IST" name="setUpClass" finished-at="2025-04-16T12:49:18 IST" duration-ms="9447" status="PASS">
          <params>
            <param index="0">
              <value>
                <![CDATA[org.testng.TestRunner@548d5ed3]]>
              </value>
            </param>
          </params>
          <reporter-output>
          </reporter-output>
        </test-method> <!-- setUpClass -->
        <test-method signature="runScenario(io.cucumber.testng.PickleWrapper,io.cucumber.testng.FeatureWrapper)[pri:0, instance:runners.ArticleRunner@c86b9e3]" started-at="2025-04-16T12:49:18 IST" name="runScenario" description="Runs Cucumber Scenarios" data-provider="scenarios" finished-at="2025-04-16T12:49:22 IST" duration-ms="3552" status="PASS">
          <params>
            <param index="0">
              <value>
                <![CDATA["Login into App"]]>
              </value>
            </param>
            <param index="1">
              <value>
                <![CDATA["Conduit CRUD Functions"]]>
              </value>
            </param>
          </params>
          <reporter-output>
          </reporter-output>
        </test-method> <!-- runScenario -->
        <test-method is-config="true" signature="tearDownClass()[pri:0, instance:runners.ArticleRunner@c86b9e3]" started-at="2025-04-16T12:49:22 IST" name="tearDownClass" finished-at="2025-04-16T12:49:22 IST" duration-ms="48" status="PASS">
          <reporter-output>
          </reporter-output>
        </test-method> <!-- tearDownClass -->
      </class> <!-- runners.ArticleRunner -->
    </test> <!-- Default test -->
  </suite> <!-- Default suite -->
</testng-results>
